<?xml version="1.0" encoding="UTF-8"?>
<!-- Generated by org.testng.reporters.JUnitReportReporter -->
<testsuite hostname="Dee-PC" failures="0" tests="1" name="com.herokuapp.theinternet.NegativeTests" time="13.154" errors="0" timestamp="03 Apr 2019 00:31:41 GMT" skipped="0">
  <testcase classname="com.herokuapp.theinternet.NegativeTests" name="incorrectUsernameTest" time="13.154"/>
</testsuite> <!-- com.herokuapp.theinternet.NegativeTests -->
