<?xml version="1.0" encoding="UTF-8"?>
<!-- Generated by org.testng.reporters.JUnitReportReporter -->
<testsuite hostname="Dee-PC" failures="0" tests="2" name="com.herokuapp.theinternet.NegativeTests" time="39.879" errors="0" timestamp="30 Mar 2019 01:10:50 GMT" skipped="0">
  <testcase classname="com.herokuapp.theinternet.NegativeTests" name="incorrectUsernameTest" time="26.271"/>
  <testcase classname="com.herokuapp.theinternet.NegativeTests" name="incorrectPasswordTest" time="13.608"/>
</testsuite> <!-- com.herokuapp.theinternet.NegativeTests -->
