<?xml version="1.0" encoding="UTF-8"?>
<!-- Generated by org.testng.reporters.JUnitReportReporter -->
<testsuite hostname="Dee-PC" failures="0" tests="3" name="com.herokuapp.theinternet.LoginTests" time="38.869" errors="0" timestamp="05 Apr 2019 00:54:07 GMT" skipped="0">
  <testcase classname="com.herokuapp.theinternet.LoginTests" name="positiveLoginTest" time="13.548"/>
  <testcase classname="com.herokuapp.theinternet.LoginTests" name="negativeLoginTest" time="12.735"/>
  <testcase classname="com.herokuapp.theinternet.LoginTests" name="negativeLoginTest" time="12.586"/>
</testsuite> <!-- com.herokuapp.theinternet.LoginTests -->
