<?xml version="1.0" encoding="UTF-8"?>
<!-- Generated by org.testng.reporters.JUnitReportReporter -->
<testsuite hostname="Dee-PC" failures="0" tests="3" name="com.herokuapp.theinternet.LoginTests" time="44.536" errors="0" timestamp="04 Apr 2019 01:25:21 GMT" skipped="0">
  <testcase classname="com.herokuapp.theinternet.LoginTests" name="positiveLoginTest" time="14.598"/>
  <testcase classname="com.herokuapp.theinternet.LoginTests" name="negativeLoginTest" time="17.353"/>
  <testcase classname="com.herokuapp.theinternet.LoginTests" name="negativeLoginTest" time="12.585"/>
</testsuite> <!-- com.herokuapp.theinternet.LoginTests -->
