<?xml version="1.0" encoding="UTF-8"?>
<!-- Generated by org.testng.reporters.JUnitReportReporter -->
<testsuite hostname="Dee-PC" failures="0" tests="1" name="com.herokuapp.theinternet.PositiveTests" time="21.439" errors="0" timestamp="28 Mar 2019 00:51:20 GMT" skipped="0">
  <testcase classname="com.herokuapp.theinternet.PositiveTests" name="loginTest" time="21.439"/>
</testsuite> <!-- com.herokuapp.theinternet.PositiveTests -->
