<?xml version="1.0" encoding="UTF-8"?>
<!-- Generated by org.testng.reporters.JUnitReportReporter -->
<testsuite hostname="Dee-PC" failures="0" tests="1" name="com.herokuapp.theinternet.ExceptionsTests" time="16.180" errors="0" timestamp="10 Apr 2019 00:43:47 GMT" skipped="0">
  <testcase classname="com.herokuapp.theinternet.ExceptionsTests" name="staleElementTest" time="16.180"/>
</testsuite> <!-- com.herokuapp.theinternet.ExceptionsTests -->
