<?xml version="1.0" encoding="UTF-8"?>
<!-- Generated by org.testng.reporters.JUnitReportReporter -->
<testsuite hostname="Dee-PC" failures="0" tests="2" name="com.herokuapp.theinternet.NegativeTests" time="35.693" errors="0" timestamp="04 Apr 2019 00:53:02 GMT" skipped="0">
  <testcase classname="com.herokuapp.theinternet.NegativeTests" name="negativeLoginTest" time="18.169"/>
  <testcase classname="com.herokuapp.theinternet.NegativeTests" name="negativeLoginTest" time="17.524"/>
</testsuite> <!-- com.herokuapp.theinternet.NegativeTests -->
