<?xml version="1.0" encoding="UTF-8"?>
<!-- Generated by org.testng.reporters.JUnitReportReporter -->
<testsuite hostname="Dee-PC" failures="0" tests="1" name="com.herokuapp.theinternet.PositiveTests" time="13.115" errors="0" timestamp="30 Mar 2019 01:17:11 GMT" skipped="0">
  <testcase classname="com.herokuapp.theinternet.PositiveTests" name="loginTest" time="13.115"/>
</testsuite> <!-- com.herokuapp.theinternet.PositiveTests -->
