<?xml version="1.0" encoding="UTF-8"?>
<!-- Generated by org.testng.reporters.JUnitReportReporter -->
<testsuite hostname="Dee-PC" failures="0" tests="1" name="com.herokuapp.theinternet.PositiveTests" time="11.818" errors="0" timestamp="27 Mar 2019 00:34:03 GMT" skipped="0">
  <testcase classname="com.herokuapp.theinternet.PositiveTests" name="loginTest" time="11.818"/>
</testsuite> <!-- com.herokuapp.theinternet.PositiveTests -->
