<?xml version="1.0" encoding="UTF-8"?>
<!-- Generated by org.testng.reporters.JUnitReportReporter -->
<testsuite hostname="Dee-PC" failures="0" tests="3" name="com.herokuapp.theinternet.LoginTests" time="49.587" errors="0" timestamp="05 Apr 2019 01:11:31 GMT" skipped="0">
  <testcase classname="com.herokuapp.theinternet.LoginTests" name="positiveLoginTest" time="14.460"/>
  <testcase classname="com.herokuapp.theinternet.LoginTests" name="negativeLoginTest" time="13.127"/>
  <testcase classname="com.herokuapp.theinternet.LoginTests" name="negativeLoginTest" time="22.000"/>
</testsuite> <!-- com.herokuapp.theinternet.LoginTests -->
