<?xml version="1.0" encoding="UTF-8"?>
<!-- Generated by org.testng.reporters.JUnitReportReporter -->
<testsuite hostname="Dee-PC" failures="0" tests="1" name="com.herokuapp.theinternet.PositiveTests" time="24.135" errors="0" timestamp="28 Mar 2019 00:35:43 GMT" skipped="0">
  <testcase classname="com.herokuapp.theinternet.PositiveTests" name="loginTest" time="24.135"/>
</testsuite> <!-- com.herokuapp.theinternet.PositiveTests -->
