<?xml version="1.0" encoding="UTF-8"?>
<!-- Generated by org.testng.reporters.JUnitReportReporter -->
<testsuite hostname="Dee-PC" failures="0" tests="1" name="com.herokuapp.theinternet.ExceptionsTests" time="14.492" errors="0" timestamp="09 Apr 2019 00:17:41 GMT" skipped="0">
  <testcase classname="com.herokuapp.theinternet.ExceptionsTests" name="timeoutTest" time="14.492"/>
</testsuite> <!-- com.herokuapp.theinternet.ExceptionsTests -->
