<?xml version="1.0" encoding="UTF-8"?>
<!-- Generated by org.testng.reporters.JUnitReportReporter -->
<testsuite hostname="Dee-PC" failures="0" tests="2" name="com.herokuapp.theinternet.NegativeTests" time="14.807" errors="0" timestamp="03 Apr 2019 00:12:49 GMT" skipped="1">
  <testcase classname="com.herokuapp.theinternet.NegativeTests" name="incorrectUsernameTest" time="14.807"/>
  <testcase classname="com.herokuapp.theinternet.NegativeTests" name="incorrectPasswordTest">
    <skipped/>
  </testcase> <!-- incorrectPasswordTest -->
</testsuite> <!-- com.herokuapp.theinternet.NegativeTests -->
